
> citizen-front@0.0.0 build
> vite build

[36mvite v5.4.21 [32mbuilding for production...[36m[39m
transforming...
[32m✓[39m 2192 modules transformed.
[31mx[39m Build failed in 21.27s
[31merror during build:
[31msrc/components/Home.jsx (4:57): "Facebook" is not exported by "node_modules/lucide-react/dist/esm/lucide-react.js", imported by "src/components/Home.jsx".[31m
file: [36mC:/Users/JUDIH/Desktop/back/frontend/src/components/Home.jsx:4:57[31m
[33m
2: import { Link } from 'react-router-dom';
3: import { motion, AnimatePresence } from 'framer-motion';
4: import { Info, ArrowRight, ArrowLeft, Play, ChevronDown, Facebook, Twitter, Instagram } from 'lucide-react';
                                                            ^
5: 
6: const Home = () => {
[31m
    at getRollupError (file:///C:/Users/JUDIH/Desktop/back/frontend/node_modules/rollup/dist/es/shared/parseAst.js:406:41)
    at error (file:///C:/Users/JUDIH/Desktop/back/frontend/node_modules/rollup/dist/es/shared/parseAst.js:402:42)
    at Module.error (file:///C:/Users/JUDIH/Desktop/back/frontend/node_modules/rollup/dist/es/shared/node-entry.js:17380:16)
    at Module.traceVariable (file:///C:/Users/JUDIH/Desktop/back/frontend/node_modules/rollup/dist/es/shared/node-entry.js:17813:29)
    at ModuleScope.findVariable (file:///C:/Users/JUDIH/Desktop/back/frontend/node_modules/rollup/dist/es/shared/node-entry.js:15403:39)
    at ReturnValueScope.findVariable (file:///C:/Users/JUDIH/Desktop/back/frontend/node_modules/rollup/dist/es/shared/node-entry.js:5676:38)
    at FunctionBodyScope.findVariable (file:///C:/Users/JUDIH/Desktop/back/frontend/node_modules/rollup/dist/es/shared/node-entry.js:5676:38)
    at Identifier.bind (file:///C:/Users/JUDIH/Desktop/back/frontend/node_modules/rollup/dist/es/shared/node-entry.js:5450:40)
    at CallExpression.bind (file:///C:/Users/JUDIH/Desktop/back/frontend/node_modules/rollup/dist/es/shared/node-entry.js:2828:28)
    at CallExpression.bind (file:///C:/Users/JUDIH/Desktop/back/frontend/node_modules/rollup/dist/es/shared/node-entry.js:12512:15)[39m
